2024-06-24 22:53:17,062 INFO o.a.j.u.JMeterUtils: Setting Locale to en_EN
2024-06-24 22:53:17,108 INFO o.a.j.JMeter: Loading user properties from: C:\apache-jmeter-5.6.3\bin\user.properties
2024-06-24 22:53:17,109 INFO o.a.j.JMeter: Loading system properties from: C:\apache-jmeter-5.6.3\bin\system.properties
2024-06-24 22:53:17,123 INFO o.a.j.JMeter: Copyright (c) 1998-2024 The Apache Software Foundation
2024-06-24 22:53:17,123 INFO o.a.j.JMeter: Version 5.6.3
2024-06-24 22:53:17,123 INFO o.a.j.JMeter: java.version=17.0.11
2024-06-24 22:53:17,123 INFO o.a.j.JMeter: java.vm.name=Java HotSpot(TM) 64-Bit Server VM
2024-06-24 22:53:17,123 INFO o.a.j.JMeter: os.name=Windows 10
2024-06-24 22:53:17,123 INFO o.a.j.JMeter: os.arch=amd64
2024-06-24 22:53:17,123 INFO o.a.j.JMeter: os.version=10.0
2024-06-24 22:53:17,124 INFO o.a.j.JMeter: file.encoding=Cp1252
2024-06-24 22:53:17,124 INFO o.a.j.JMeter: java.awt.headless=true
2024-06-24 22:53:17,124 INFO o.a.j.JMeter: Max memory     =1073741824
2024-06-24 22:53:17,124 INFO o.a.j.JMeter: Available Processors =4
2024-06-24 22:53:17,138 INFO o.a.j.JMeter: Default Locale=English (EN)
2024-06-24 22:53:17,138 INFO o.a.j.JMeter: JMeter  Locale=English (EN)
2024-06-24 22:53:17,138 INFO o.a.j.JMeter: JMeterHome=C:\apache-jmeter-5.6.3
2024-06-24 22:53:17,139 INFO o.a.j.JMeter: user.dir  =C:\apache-jmeter-5.6.3\bin\New folder
2024-06-24 22:53:17,139 INFO o.a.j.JMeter: PWD       =C:\apache-jmeter-5.6.3\bin\New folder
2024-06-24 22:53:17,140 INFO o.a.j.JMeter: IP: 192.168.1.116 Name: DESKTOP-L557AR8 FullName: DESKTOP-L557AR8
2024-06-24 22:53:17,171 INFO o.a.j.JMeter: Setting property 'jmeter.reportgenerator.outputdir' to:'C:\apache-jmeter-5.6.3\bin\New folder\Reports'
2024-06-24 22:53:17,176 INFO o.a.j.s.FileServer: Default base='C:\apache-jmeter-5.6.3\bin\New folder'
2024-06-24 22:53:17,179 INFO o.a.j.s.FileServer: Set new base='C:\apache-jmeter-5.6.3\bin\New folder'
2024-06-24 22:53:17,586 INFO o.a.j.s.SaveService: Testplan (JMX) version: 2.2. Testlog (JTL) version: 2.2
2024-06-24 22:53:17,640 INFO o.a.j.s.SaveService: Using SaveService properties version 5.0
2024-06-24 22:53:17,645 INFO o.a.j.s.SaveService: Using SaveService properties file encoding UTF-8
2024-06-24 22:53:17,654 INFO o.a.j.s.SaveService: Loading file: book api load test.jmx
2024-06-24 22:53:17,758 INFO o.a.j.p.h.s.HTTPSamplerBase: Parser for text/html is org.apache.jmeter.protocol.http.parser.LagartoBasedHtmlParser
2024-06-24 22:53:17,758 INFO o.a.j.p.h.s.HTTPSamplerBase: Parser for application/xhtml+xml is org.apache.jmeter.protocol.http.parser.LagartoBasedHtmlParser
2024-06-24 22:53:17,758 INFO o.a.j.p.h.s.HTTPSamplerBase: Parser for application/xml is org.apache.jmeter.protocol.http.parser.LagartoBasedHtmlParser
2024-06-24 22:53:17,758 INFO o.a.j.p.h.s.HTTPSamplerBase: Parser for text/xml is org.apache.jmeter.protocol.http.parser.LagartoBasedHtmlParser
2024-06-24 22:53:17,758 INFO o.a.j.p.h.s.HTTPSamplerBase: Parser for text/vnd.wap.wml is org.apache.jmeter.protocol.http.parser.RegexpHTMLParser
2024-06-24 22:53:17,758 INFO o.a.j.p.h.s.HTTPSamplerBase: Parser for text/css is org.apache.jmeter.protocol.http.parser.CssParser
2024-06-24 22:53:17,805 INFO o.a.j.JMeter: Creating summariser <summary>
2024-06-24 22:53:17,817 INFO o.a.j.r.d.ReportGenerator: ReportGenerator will use for Parsing the separator: ','
2024-06-24 22:53:17,818 INFO o.a.j.r.d.ReportGenerator: Will generate report at end of test from  results file: book api load test.csv
2024-06-24 22:53:17,818 INFO o.a.j.r.d.ReportGenerator: Reading report generator properties from: C:\apache-jmeter-5.6.3\bin\reportgenerator.properties
2024-06-24 22:53:17,819 INFO o.a.j.r.d.ReportGenerator: Merging with JMeter properties
2024-06-24 22:53:17,826 INFO o.a.j.r.c.ReportGeneratorConfiguration: Property 'jmeter.reportgenerator.temp_dir' not found, using default value 'temp' instead.
2024-06-24 22:53:17,835 INFO o.a.j.r.c.ReportGeneratorConfiguration: Property 'jmeter.reportgenerator.apdex_per_transaction' not found, using default value 'null' instead.
2024-06-24 22:53:17,835 INFO o.a.j.r.c.ReportGeneratorConfiguration: apdex_per_transaction is empty, not APDEX per transaction customization
2024-06-24 22:53:17,835 INFO o.a.j.r.c.ReportGeneratorConfiguration: Property 'jmeter.reportgenerator.sample_filter' not found, using default value 'null' instead.
2024-06-24 22:53:17,835 INFO o.a.j.r.c.ReportGeneratorConfiguration: Property 'jmeter.reportgenerator.report_title' not found, using default value 'null' instead.
2024-06-24 22:53:17,835 INFO o.a.j.r.c.ReportGeneratorConfiguration: Property 'jmeter.reportgenerator.start_date' not found, using default value 'null' instead.
2024-06-24 22:53:17,836 INFO o.a.j.r.c.ReportGeneratorConfiguration: Property 'jmeter.reportgenerator.end_date' not found, using default value 'null' instead.
2024-06-24 22:53:17,836 INFO o.a.j.r.c.ReportGeneratorConfiguration: Property 'jmeter.reportgenerator.date_format' not found, using default value 'null' instead.
2024-06-24 22:53:17,836 INFO o.a.j.r.c.ReportGeneratorConfiguration: Will use date range start date: null, end date: null
2024-06-24 22:53:17,842 INFO o.a.j.r.c.ReportGeneratorConfiguration: Property 'jmeter.reportgenerator.graph.totalTPS.exclude_controllers' not found, using default value 'false' instead.
2024-06-24 22:53:17,843 INFO o.a.j.r.c.ReportGeneratorConfiguration: Property 'jmeter.reportgenerator.graph.activeThreadsOverTime.exclude_controllers' not found, using default value 'false' instead.
2024-06-24 22:53:17,843 INFO o.a.j.r.c.ReportGeneratorConfiguration: Property 'jmeter.reportgenerator.graph.timeVsThreads.exclude_controllers' not found, using default value 'false' instead.
2024-06-24 22:53:17,843 INFO o.a.j.r.c.ReportGeneratorConfiguration: Property 'jmeter.reportgenerator.graph.responseTimeDistribution.exclude_controllers' not found, using default value 'false' instead.
2024-06-24 22:53:17,843 INFO o.a.j.r.c.ReportGeneratorConfiguration: Property 'jmeter.reportgenerator.graph.transactionsPerSecond.exclude_controllers' not found, using default value 'false' instead.
2024-06-24 22:53:17,844 INFO o.a.j.r.c.ReportGeneratorConfiguration: Property 'jmeter.reportgenerator.graph.responseTimePercentiles.exclude_controllers' not found, using default value 'false' instead.
2024-06-24 22:53:17,844 INFO o.a.j.r.c.ReportGeneratorConfiguration: Property 'jmeter.reportgenerator.graph.responseTimePercentilesOverTime.exclude_controllers' not found, using default value 'false' instead.
2024-06-24 22:53:17,844 INFO o.a.j.r.c.ReportGeneratorConfiguration: Property 'jmeter.reportgenerator.graph.responseTimesOverTime.exclude_controllers' not found, using default value 'false' instead.
2024-06-24 22:53:17,844 INFO o.a.j.r.c.ReportGeneratorConfiguration: Property 'jmeter.reportgenerator.graph.connectTimeOverTime.exclude_controllers' not found, using default value 'false' instead.
2024-06-24 22:53:17,845 INFO o.a.j.r.c.ReportGeneratorConfiguration: Property 'jmeter.reportgenerator.graph.latenciesOverTime.exclude_controllers' not found, using default value 'false' instead.
2024-06-24 22:53:17,847 INFO o.a.j.r.c.ReportGeneratorConfiguration: Property 'jmeter.reportgenerator.exporter.json.filters_only_sample_series' not found, using default value 'true' instead.
2024-06-24 22:53:17,847 INFO o.a.j.r.c.ReportGeneratorConfiguration: Property 'jmeter.reportgenerator.exporter.json.series_filter' not found, using default value '' instead.
2024-06-24 22:53:17,848 INFO o.a.j.r.c.ReportGeneratorConfiguration: Property 'jmeter.reportgenerator.exporter.json.show_controllers_only' not found, using default value 'false' instead.
2024-06-24 22:53:17,848 INFO o.a.j.r.c.ReportGeneratorConfiguration: Property 'jmeter.reportgenerator.exporter.html.filters_only_sample_series' not found, using default value 'true' instead.
2024-06-24 22:53:17,849 INFO o.a.j.r.c.ReportGeneratorConfiguration: Property 'jmeter.reportgenerator.exporter.html.series_filter' not found, using default value '' instead.
2024-06-24 22:53:17,850 INFO o.a.j.r.c.ReportGeneratorConfiguration: Property 'jmeter.reportgenerator.exporter.html.show_controllers_only' not found, using default value 'false' instead.
2024-06-24 22:53:17,870 INFO o.a.j.e.StandardJMeterEngine: Running the test!
2024-06-24 22:53:17,871 INFO o.a.j.s.SampleEvent: List of sample_variables: []
2024-06-24 22:53:17,871 INFO o.a.j.s.SampleEvent: List of sample_variables: []
2024-06-24 22:53:17,880 INFO o.a.j.e.u.CompoundVariable: Note: Function class names must contain the string: '.functions.'
2024-06-24 22:53:17,880 INFO o.a.j.e.u.CompoundVariable: Note: Function class names must not contain the string: '.gui.'
2024-06-24 22:53:18,033 INFO o.a.j.JMeter: Running test (1719247998033)
2024-06-24 22:53:18,071 INFO o.a.j.e.StandardJMeterEngine: Starting ThreadGroup: 1 : Thread Group
2024-06-24 22:53:18,072 INFO o.a.j.e.StandardJMeterEngine: Starting 200 threads for group Thread Group.
2024-06-24 22:53:18,072 INFO o.a.j.e.StandardJMeterEngine: Thread will continue on error
2024-06-24 22:53:18,072 INFO o.a.j.t.ThreadGroup: Starting thread group... number=1 threads=200 ramp-up=600 delayedStart=false
2024-06-24 22:53:18,082 INFO o.a.j.t.JMeterThread: Thread started: Thread Group 1-1
2024-06-24 22:53:18,136 INFO o.a.j.p.h.s.HTTPHCAbstractImpl: Local host = DESKTOP-L557AR8
2024-06-24 22:53:18,174 INFO o.a.j.p.h.s.HTTPHC4Impl: HTTP request retry count = 0
2024-06-24 22:53:18,182 INFO o.a.j.s.SampleResult: Note: Sample TimeStamps are START times
2024-06-24 22:53:18,183 INFO o.a.j.s.SampleResult: sampleresult.default.encoding is set to UTF-8
2024-06-24 22:53:18,183 INFO o.a.j.s.SampleResult: sampleresult.useNanoTime=true
2024-06-24 22:53:18,184 INFO o.a.j.s.SampleResult: sampleresult.nanoThreadSleep=5000
2024-06-24 22:53:18,238 INFO o.a.j.t.ThreadGroup: Started thread group number 1
2024-06-24 22:53:18,238 INFO o.a.j.e.StandardJMeterEngine: All thread groups have been started
2024-06-24 22:53:18,439 INFO o.a.j.p.h.s.h.LazyLayeredConnectionSocketFactory: Setting up HTTPS TrustAll Socket Factory
2024-06-24 22:53:18,450 INFO o.a.j.u.JsseSSLManager: Using default SSL protocol: TLS
2024-06-24 22:53:18,450 INFO o.a.j.u.JsseSSLManager: SSL session context: per-thread
2024-06-24 22:53:18,923 INFO o.a.j.u.SSLManager: JmeterKeyStore Location:  type JKS
2024-06-24 22:53:18,928 INFO o.a.j.u.SSLManager: KeyStore created OK
2024-06-24 22:53:18,928 WARN o.a.j.u.SSLManager: Keystore file not found, loading empty keystore
2024-06-24 22:53:19,901 INFO o.a.j.t.JMeterThread: Thread is done: Thread Group 1-1
2024-06-24 22:53:19,901 INFO o.a.j.t.JMeterThread: Thread finished: Thread Group 1-1
2024-06-24 22:53:21,084 INFO o.a.j.t.JMeterThread: Thread started: Thread Group 1-2
2024-06-24 22:53:21,940 INFO o.a.j.t.JMeterThread: Thread is done: Thread Group 1-2
2024-06-24 22:53:21,940 INFO o.a.j.t.JMeterThread: Thread finished: Thread Group 1-2
2024-06-24 22:53:24,083 INFO o.a.j.t.JMeterThread: Thread started: Thread Group 1-3
2024-06-24 22:53:24,646 INFO o.a.j.t.JMeterThread: Thread is done: Thread Group 1-3
2024-06-24 22:53:24,646 INFO o.a.j.t.JMeterThread: Thread finished: Thread Group 1-3
2024-06-24 22:53:27,095 INFO o.a.j.t.JMeterThread: Thread started: Thread Group 1-4
2024-06-24 22:53:28,156 INFO o.a.j.t.JMeterThread: Thread is done: Thread Group 1-4
2024-06-24 22:53:28,156 INFO o.a.j.t.JMeterThread: Thread finished: Thread Group 1-4
2024-06-24 22:53:30,082 INFO o.a.j.t.JMeterThread: Thread started: Thread Group 1-5
2024-06-24 22:53:30,664 INFO o.a.j.r.Summariser: summary +      5 in 00:00:13 =    0.4/s Avg:   910 Min:   562 Max:  1499 Err:     0 (0.00%) Active: 1 Started: 5 Finished: 4
2024-06-24 22:53:30,664 INFO o.a.j.t.JMeterThread: Thread is done: Thread Group 1-5
2024-06-24 22:53:30,664 INFO o.a.j.t.JMeterThread: Thread finished: Thread Group 1-5
2024-06-24 22:53:33,108 INFO o.a.j.t.JMeterThread: Thread started: Thread Group 1-6
2024-06-24 22:53:33,757 INFO o.a.j.t.JMeterThread: Thread is done: Thread Group 1-6
2024-06-24 22:53:33,757 INFO o.a.j.t.JMeterThread: Thread finished: Thread Group 1-6
2024-06-24 22:53:36,096 INFO o.a.j.t.JMeterThread: Thread started: Thread Group 1-7
2024-06-24 22:53:36,863 INFO o.a.j.t.JMeterThread: Thread is done: Thread Group 1-7
2024-06-24 22:53:36,863 INFO o.a.j.t.JMeterThread: Thread finished: Thread Group 1-7
2024-06-24 22:53:39,080 INFO o.a.j.t.JMeterThread: Thread started: Thread Group 1-8
2024-06-24 22:53:39,873 INFO o.a.j.t.JMeterThread: Thread is done: Thread Group 1-8
2024-06-24 22:53:39,873 INFO o.a.j.t.JMeterThread: Thread finished: Thread Group 1-8
2024-06-24 22:53:42,095 INFO o.a.j.t.JMeterThread: Thread started: Thread Group 1-9
2024-06-24 22:53:42,671 INFO o.a.j.t.JMeterThread: Thread is done: Thread Group 1-9
2024-06-24 22:53:42,672 INFO o.a.j.t.JMeterThread: Thread finished: Thread Group 1-9
2024-06-24 22:53:45,080 INFO o.a.j.t.JMeterThread: Thread started: Thread Group 1-10
2024-06-24 22:53:45,695 INFO o.a.j.t.JMeterThread: Thread is done: Thread Group 1-10
2024-06-24 22:53:45,695 INFO o.a.j.t.JMeterThread: Thread finished: Thread Group 1-10
2024-06-24 22:53:48,094 INFO o.a.j.t.JMeterThread: Thread started: Thread Group 1-11
2024-06-24 22:53:48,881 INFO o.a.j.t.JMeterThread: Thread is done: Thread Group 1-11
2024-06-24 22:53:48,881 INFO o.a.j.t.JMeterThread: Thread finished: Thread Group 1-11
2024-06-24 22:53:51,076 INFO o.a.j.t.JMeterThread: Thread started: Thread Group 1-12
2024-06-24 22:53:51,877 INFO o.a.j.t.JMeterThread: Thread is done: Thread Group 1-12
2024-06-24 22:53:51,878 INFO o.a.j.t.JMeterThread: Thread finished: Thread Group 1-12
2024-06-24 22:53:54,091 INFO o.a.j.t.JMeterThread: Thread started: Thread Group 1-13
2024-06-24 22:53:54,760 INFO o.a.j.t.JMeterThread: Thread is done: Thread Group 1-13
2024-06-24 22:53:54,760 INFO o.a.j.t.JMeterThread: Thread finished: Thread Group 1-13
2024-06-24 22:53:57,093 INFO o.a.j.t.JMeterThread: Thread started: Thread Group 1-14
2024-06-24 22:53:57,813 INFO o.a.j.t.JMeterThread: Thread is done: Thread Group 1-14
2024-06-24 22:53:57,813 INFO o.a.j.t.JMeterThread: Thread finished: Thread Group 1-14
2024-06-24 22:54:00,074 INFO o.a.j.t.JMeterThread: Thread started: Thread Group 1-15
2024-06-24 22:54:00,643 INFO o.a.j.r.Summariser: summary +     10 in 00:00:30 =    0.3/s Avg:   691 Min:   564 Max:   799 Err:     0 (0.00%) Active: 1 Started: 15 Finished: 14
2024-06-24 22:54:00,646 INFO o.a.j.r.Summariser: summary =     15 in 00:00:43 =    0.4/s Avg:   764 Min:   562 Max:  1499 Err:     0 (0.00%)
2024-06-24 22:54:00,648 INFO o.a.j.t.JMeterThread: Thread is done: Thread Group 1-15
2024-06-24 22:54:00,648 INFO o.a.j.t.JMeterThread: Thread finished: Thread Group 1-15
2024-06-24 22:54:03,075 INFO o.a.j.t.JMeterThread: Thread started: Thread Group 1-16
2024-06-24 22:54:03,966 INFO o.a.j.t.JMeterThread: Thread is done: Thread Group 1-16
2024-06-24 22:54:03,966 INFO o.a.j.t.JMeterThread: Thread finished: Thread Group 1-16
2024-06-24 22:54:06,077 INFO o.a.j.t.JMeterThread: Thread started: Thread Group 1-17
2024-06-24 22:54:06,952 INFO o.a.j.t.JMeterThread: Thread is done: Thread Group 1-17
2024-06-24 22:54:06,952 INFO o.a.j.t.JMeterThread: Thread finished: Thread Group 1-17
2024-06-24 22:54:09,075 INFO o.a.j.t.JMeterThread: Thread started: Thread Group 1-18
2024-06-24 22:54:09,880 INFO o.a.j.t.JMeterThread: Thread is done: Thread Group 1-18
2024-06-24 22:54:09,880 INFO o.a.j.t.JMeterThread: Thread finished: Thread Group 1-18
2024-06-24 22:54:12,076 INFO o.a.j.t.JMeterThread: Thread started: Thread Group 1-19
2024-06-24 22:54:12,858 INFO o.a.j.t.JMeterThread: Thread is done: Thread Group 1-19
2024-06-24 22:54:12,858 INFO o.a.j.t.JMeterThread: Thread finished: Thread Group 1-19
2024-06-24 22:54:15,076 INFO o.a.j.t.JMeterThread: Thread started: Thread Group 1-20
2024-06-24 22:54:15,893 INFO o.a.j.t.JMeterThread: Thread is done: Thread Group 1-20
2024-06-24 22:54:15,893 INFO o.a.j.t.JMeterThread: Thread finished: Thread Group 1-20
2024-06-24 22:54:18,078 INFO o.a.j.t.JMeterThread: Thread started: Thread Group 1-21
2024-06-24 22:54:18,668 INFO o.a.j.t.JMeterThread: Thread is done: Thread Group 1-21
2024-06-24 22:54:18,668 INFO o.a.j.t.JMeterThread: Thread finished: Thread Group 1-21
2024-06-24 22:54:21,078 INFO o.a.j.t.JMeterThread: Thread started: Thread Group 1-22
2024-06-24 22:54:21,938 INFO o.a.j.t.JMeterThread: Thread is done: Thread Group 1-22
2024-06-24 22:54:21,938 INFO o.a.j.t.JMeterThread: Thread finished: Thread Group 1-22
2024-06-24 22:54:24,079 INFO o.a.j.t.JMeterThread: Thread started: Thread Group 1-23
2024-06-24 22:54:24,642 INFO o.a.j.t.JMeterThread: Thread is done: Thread Group 1-23
2024-06-24 22:54:24,642 INFO o.a.j.t.JMeterThread: Thread finished: Thread Group 1-23
2024-06-24 22:54:27,077 INFO o.a.j.t.JMeterThread: Thread started: Thread Group 1-24
2024-06-24 22:54:27,799 INFO o.a.j.t.JMeterThread: Thread is done: Thread Group 1-24
2024-06-24 22:54:27,800 INFO o.a.j.t.JMeterThread: Thread finished: Thread Group 1-24
2024-06-24 22:54:30,079 INFO o.a.j.t.JMeterThread: Thread started: Thread Group 1-25
2024-06-24 22:54:30,642 INFO o.a.j.r.Summariser: summary +     10 in 00:00:30 =    0.3/s Avg:   744 Min:   559 Max:   889 Err:     0 (0.00%) Active: 1 Started: 25 Finished: 24
2024-06-24 22:54:30,644 INFO o.a.j.r.Summariser: summary =     25 in 00:01:13 =    0.3/s Avg:   756 Min:   559 Max:  1499 Err:     0 (0.00%)
2024-06-24 22:54:30,646 INFO o.a.j.t.JMeterThread: Thread is done: Thread Group 1-25
2024-06-24 22:54:30,646 INFO o.a.j.t.JMeterThread: Thread finished: Thread Group 1-25
2024-06-24 22:54:33,082 INFO o.a.j.t.JMeterThread: Thread started: Thread Group 1-26
2024-06-24 22:54:33,808 INFO o.a.j.t.JMeterThread: Thread is done: Thread Group 1-26
2024-06-24 22:54:33,808 INFO o.a.j.t.JMeterThread: Thread finished: Thread Group 1-26
2024-06-24 22:54:36,080 INFO o.a.j.t.JMeterThread: Thread started: Thread Group 1-27
2024-06-24 22:54:36,964 INFO o.a.j.t.JMeterThread: Thread is done: Thread Group 1-27
2024-06-24 22:54:36,964 INFO o.a.j.t.JMeterThread: Thread finished: Thread Group 1-27
2024-06-24 22:54:39,082 INFO o.a.j.t.JMeterThread: Thread started: Thread Group 1-28
2024-06-24 22:54:39,643 INFO o.a.j.t.JMeterThread: Thread is done: Thread Group 1-28
2024-06-24 22:54:39,643 INFO o.a.j.t.JMeterThread: Thread finished: Thread Group 1-28
2024-06-24 22:54:42,081 INFO o.a.j.t.JMeterThread: Thread started: Thread Group 1-29
2024-06-24 22:54:42,637 INFO o.a.j.t.JMeterThread: Thread is done: Thread Group 1-29
2024-06-24 22:54:42,638 INFO o.a.j.t.JMeterThread: Thread finished: Thread Group 1-29
2024-06-24 22:54:45,084 INFO o.a.j.t.JMeterThread: Thread started: Thread Group 1-30
2024-06-24 22:54:45,633 INFO o.a.j.t.JMeterThread: Thread is done: Thread Group 1-30
2024-06-24 22:54:45,634 INFO o.a.j.t.JMeterThread: Thread finished: Thread Group 1-30
2024-06-24 22:54:48,085 INFO o.a.j.t.JMeterThread: Thread started: Thread Group 1-31
2024-06-24 22:54:48,871 INFO o.a.j.t.JMeterThread: Thread is done: Thread Group 1-31
2024-06-24 22:54:48,871 INFO o.a.j.t.JMeterThread: Thread finished: Thread Group 1-31
2024-06-24 22:54:51,090 INFO o.a.j.t.JMeterThread: Thread started: Thread Group 1-32
2024-06-24 22:54:51,730 INFO o.a.j.t.JMeterThread: Thread is done: Thread Group 1-32
2024-06-24 22:54:51,731 INFO o.a.j.t.JMeterThread: Thread finished: Thread Group 1-32
2024-06-24 22:54:54,078 INFO o.a.j.t.JMeterThread: Thread started: Thread Group 1-33
2024-06-24 22:54:54,850 INFO o.a.j.t.JMeterThread: Thread is done: Thread Group 1-33
2024-06-24 22:54:54,850 INFO o.a.j.t.JMeterThread: Thread finished: Thread Group 1-33
2024-06-24 22:54:57,079 INFO o.a.j.t.JMeterThread: Thread started: Thread Group 1-34
2024-06-24 22:54:57,857 INFO o.a.j.t.JMeterThread: Thread is done: Thread Group 1-34
2024-06-24 22:54:57,857 INFO o.a.j.t.JMeterThread: Thread finished: Thread Group 1-34
2024-06-24 22:55:00,078 INFO o.a.j.t.JMeterThread: Thread started: Thread Group 1-35
2024-06-24 22:55:00,742 INFO o.a.j.r.Summariser: summary +     10 in 00:00:30 =    0.3/s Avg:   688 Min:   546 Max:   881 Err:     0 (0.00%) Active: 1 Started: 35 Finished: 34
2024-06-24 22:55:00,743 INFO o.a.j.r.Summariser: summary =     35 in 00:01:43 =    0.3/s Avg:   737 Min:   546 Max:  1499 Err:     0 (0.00%)
2024-06-24 22:55:00,744 INFO o.a.j.t.JMeterThread: Thread is done: Thread Group 1-35
2024-06-24 22:55:00,745 INFO o.a.j.t.JMeterThread: Thread finished: Thread Group 1-35
2024-06-24 22:55:03,081 INFO o.a.j.t.JMeterThread: Thread started: Thread Group 1-36
2024-06-24 22:55:03,633 INFO o.a.j.t.JMeterThread: Thread is done: Thread Group 1-36
2024-06-24 22:55:03,634 INFO o.a.j.t.JMeterThread: Thread finished: Thread Group 1-36
2024-06-24 22:55:06,079 INFO o.a.j.t.JMeterThread: Thread started: Thread Group 1-37
2024-06-24 22:55:06,877 INFO o.a.j.t.JMeterThread: Thread is done: Thread Group 1-37
2024-06-24 22:55:06,878 INFO o.a.j.t.JMeterThread: Thread finished: Thread Group 1-37
2024-06-24 22:55:09,079 INFO o.a.j.t.JMeterThread: Thread started: Thread Group 1-38
2024-06-24 22:55:09,672 INFO o.a.j.t.JMeterThread: Thread is done: Thread Group 1-38
2024-06-24 22:55:09,672 INFO o.a.j.t.JMeterThread: Thread finished: Thread Group 1-38
2024-06-24 22:55:12,092 INFO o.a.j.t.JMeterThread: Thread started: Thread Group 1-39
2024-06-24 22:55:12,718 INFO o.a.j.t.JMeterThread: Thread is done: Thread Group 1-39
2024-06-24 22:55:12,719 INFO o.a.j.t.JMeterThread: Thread finished: Thread Group 1-39
2024-06-24 22:55:15,078 INFO o.a.j.t.JMeterThread: Thread started: Thread Group 1-40
2024-06-24 22:55:15,843 INFO o.a.j.t.JMeterThread: Thread is done: Thread Group 1-40
2024-06-24 22:55:15,843 INFO o.a.j.t.JMeterThread: Thread finished: Thread Group 1-40
2024-06-24 22:55:18,079 INFO o.a.j.t.JMeterThread: Thread started: Thread Group 1-41
2024-06-24 22:55:18,855 INFO o.a.j.t.JMeterThread: Thread is done: Thread Group 1-41
2024-06-24 22:55:18,856 INFO o.a.j.t.JMeterThread: Thread finished: Thread Group 1-41
2024-06-24 22:55:21,078 INFO o.a.j.t.JMeterThread: Thread started: Thread Group 1-42
2024-06-24 22:55:21,713 INFO o.a.j.t.JMeterThread: Thread is done: Thread Group 1-42
2024-06-24 22:55:21,713 INFO o.a.j.t.JMeterThread: Thread finished: Thread Group 1-42
2024-06-24 22:55:24,077 INFO o.a.j.t.JMeterThread: Thread started: Thread Group 1-43
2024-06-24 22:55:24,827 INFO o.a.j.t.JMeterThread: Thread is done: Thread Group 1-43
2024-06-24 22:55:24,827 INFO o.a.j.t.JMeterThread: Thread finished: Thread Group 1-43
2024-06-24 22:55:27,077 INFO o.a.j.t.JMeterThread: Thread started: Thread Group 1-44
2024-06-24 22:55:27,939 INFO o.a.j.t.JMeterThread: Thread is done: Thread Group 1-44
2024-06-24 22:55:27,939 INFO o.a.j.t.JMeterThread: Thread finished: Thread Group 1-44
2024-06-24 22:55:30,087 INFO o.a.j.t.JMeterThread: Thread started: Thread Group 1-45
2024-06-24 22:55:30,652 INFO o.a.j.r.Summariser: summary +     10 in 00:00:30 =    0.3/s Avg:   689 Min:   550 Max:   860 Err:     0 (0.00%) Active: 1 Started: 45 Finished: 44
2024-06-24 22:55:30,653 INFO o.a.j.r.Summariser: summary =     45 in 00:02:13 =    0.3/s Avg:   726 Min:   546 Max:  1499 Err:     0 (0.00%)
2024-06-24 22:55:30,654 INFO o.a.j.t.JMeterThread: Thread is done: Thread Group 1-45
2024-06-24 22:55:30,655 INFO o.a.j.t.JMeterThread: Thread finished: Thread Group 1-45
2024-06-24 22:55:33,076 INFO o.a.j.t.JMeterThread: Thread started: Thread Group 1-46
2024-06-24 22:55:33,950 INFO o.a.j.t.JMeterThread: Thread is done: Thread Group 1-46
2024-06-24 22:55:33,950 INFO o.a.j.t.JMeterThread: Thread finished: Thread Group 1-46
2024-06-24 22:55:36,077 INFO o.a.j.t.JMeterThread: Thread started: Thread Group 1-47
2024-06-24 22:55:36,889 INFO o.a.j.t.JMeterThread: Thread is done: Thread Group 1-47
2024-06-24 22:55:36,889 INFO o.a.j.t.JMeterThread: Thread finished: Thread Group 1-47
2024-06-24 22:55:39,077 INFO o.a.j.t.JMeterThread: Thread started: Thread Group 1-48
2024-06-24 22:55:39,944 INFO o.a.j.t.JMeterThread: Thread is done: Thread Group 1-48
2024-06-24 22:55:39,944 INFO o.a.j.t.JMeterThread: Thread finished: Thread Group 1-48
2024-06-24 22:55:42,085 INFO o.a.j.t.JMeterThread: Thread started: Thread Group 1-49
2024-06-24 22:55:42,887 INFO o.a.j.t.JMeterThread: Thread is done: Thread Group 1-49
2024-06-24 22:55:42,887 INFO o.a.j.t.JMeterThread: Thread finished: Thread Group 1-49
2024-06-24 22:55:45,077 INFO o.a.j.t.JMeterThread: Thread started: Thread Group 1-50
2024-06-24 22:55:45,640 INFO o.a.j.t.JMeterThread: Thread is done: Thread Group 1-50
2024-06-24 22:55:45,640 INFO o.a.j.t.JMeterThread: Thread finished: Thread Group 1-50
2024-06-24 22:55:48,077 INFO o.a.j.t.JMeterThread: Thread started: Thread Group 1-51
2024-06-24 22:55:48,834 INFO o.a.j.t.JMeterThread: Thread is done: Thread Group 1-51
2024-06-24 22:55:48,834 INFO o.a.j.t.JMeterThread: Thread finished: Thread Group 1-51
2024-06-24 22:55:51,077 INFO o.a.j.t.JMeterThread: Thread started: Thread Group 1-52
2024-06-24 22:55:51,852 INFO o.a.j.t.JMeterThread: Thread is done: Thread Group 1-52
2024-06-24 22:55:51,852 INFO o.a.j.t.JMeterThread: Thread finished: Thread Group 1-52
2024-06-24 22:55:54,084 INFO o.a.j.t.JMeterThread: Thread started: Thread Group 1-53
2024-06-24 22:55:57,085 INFO o.a.j.t.JMeterThread: Thread started: Thread Group 1-54
2024-06-24 22:55:57,867 INFO o.a.j.t.JMeterThread: Thread is done: Thread Group 1-54
2024-06-24 22:55:57,868 INFO o.a.j.t.JMeterThread: Thread finished: Thread Group 1-54
2024-06-24 22:56:00,094 INFO o.a.j.t.JMeterThread: Thread started: Thread Group 1-55
2024-06-24 22:56:00,897 INFO o.a.j.r.Summariser: summary +      9 in 00:00:30 =    0.3/s Avg:   779 Min:   562 Max:   872 Err:     0 (0.00%) Active: 2 Started: 55 Finished: 53
2024-06-24 22:56:00,898 INFO o.a.j.r.Summariser: summary =     54 in 00:02:43 =    0.3/s Avg:   735 Min:   546 Max:  1499 Err:     0 (0.00%)
2024-06-24 22:56:00,898 INFO o.a.j.t.JMeterThread: Thread is done: Thread Group 1-55
2024-06-24 22:56:00,898 INFO o.a.j.t.JMeterThread: Thread finished: Thread Group 1-55
2024-06-24 22:56:03,086 INFO o.a.j.t.JMeterThread: Thread started: Thread Group 1-56
2024-06-24 22:56:03,738 INFO o.a.j.t.JMeterThread: Thread is done: Thread Group 1-56
2024-06-24 22:56:03,739 INFO o.a.j.t.JMeterThread: Thread finished: Thread Group 1-56
2024-06-24 22:56:06,082 INFO o.a.j.t.JMeterThread: Thread started: Thread Group 1-57
2024-06-24 22:56:06,925 INFO o.a.j.t.JMeterThread: Thread is done: Thread Group 1-57
2024-06-24 22:56:06,925 INFO o.a.j.t.JMeterThread: Thread finished: Thread Group 1-57
2024-06-24 22:56:09,080 INFO o.a.j.t.JMeterThread: Thread started: Thread Group 1-58
2024-06-24 22:56:09,864 INFO o.a.j.t.JMeterThread: Thread is done: Thread Group 1-58
2024-06-24 22:56:09,865 INFO o.a.j.t.JMeterThread: Thread finished: Thread Group 1-58
2024-06-24 22:56:12,078 INFO o.a.j.t.JMeterThread: Thread started: Thread Group 1-59
2024-06-24 22:56:12,923 INFO o.a.j.t.JMeterThread: Thread is done: Thread Group 1-59
2024-06-24 22:56:12,924 INFO o.a.j.t.JMeterThread: Thread finished: Thread Group 1-59
2024-06-24 22:56:15,078 INFO o.a.j.t.JMeterThread: Thread started: Thread Group 1-60
2024-06-24 22:56:15,137 INFO o.a.j.t.JMeterThread: Thread is done: Thread Group 1-53
2024-06-24 22:56:15,137 INFO o.a.j.t.JMeterThread: Thread finished: Thread Group 1-53
2024-06-24 22:56:15,600 INFO o.a.j.t.JMeterThread: Thread is done: Thread Group 1-60
2024-06-24 22:56:15,600 INFO o.a.j.t.JMeterThread: Thread finished: Thread Group 1-60
2024-06-24 22:56:18,080 INFO o.a.j.t.JMeterThread: Thread started: Thread Group 1-61
2024-06-24 22:56:18,858 INFO o.a.j.t.JMeterThread: Thread is done: Thread Group 1-61
2024-06-24 22:56:18,858 INFO o.a.j.t.JMeterThread: Thread finished: Thread Group 1-61
2024-06-24 22:56:21,075 INFO o.a.j.t.JMeterThread: Thread started: Thread Group 1-62
2024-06-24 22:56:21,968 INFO o.a.j.t.JMeterThread: Thread is done: Thread Group 1-62
2024-06-24 22:56:21,968 INFO o.a.j.t.JMeterThread: Thread finished: Thread Group 1-62
2024-06-24 22:56:24,076 INFO o.a.j.t.JMeterThread: Thread started: Thread Group 1-63
2024-06-24 22:56:24,715 INFO o.a.j.t.JMeterThread: Thread is done: Thread Group 1-63
2024-06-24 22:56:24,715 INFO o.a.j.t.JMeterThread: Thread finished: Thread Group 1-63
2024-06-24 22:56:27,076 INFO o.a.j.t.JMeterThread: Thread started: Thread Group 1-64
2024-06-24 22:56:27,869 INFO o.a.j.t.JMeterThread: Thread is done: Thread Group 1-64
2024-06-24 22:56:27,870 INFO o.a.j.t.JMeterThread: Thread finished: Thread Group 1-64
2024-06-24 22:56:30,076 INFO o.a.j.t.JMeterThread: Thread started: Thread Group 1-65
2024-06-24 22:56:30,958 INFO o.a.j.r.Summariser: summary +     11 in 00:00:30 =    0.4/s Avg:  2605 Min:   521 Max: 21051 Err:     1 (9.09%) Active: 1 Started: 65 Finished: 64
2024-06-24 22:56:30,959 INFO o.a.j.r.Summariser: summary =     65 in 00:03:13 =    0.3/s Avg:  1051 Min:   521 Max: 21051 Err:     1 (1.54%)
2024-06-24 22:56:30,960 INFO o.a.j.t.JMeterThread: Thread is done: Thread Group 1-65
2024-06-24 22:56:30,960 INFO o.a.j.t.JMeterThread: Thread finished: Thread Group 1-65
2024-06-24 22:56:33,077 INFO o.a.j.t.JMeterThread: Thread started: Thread Group 1-66
2024-06-24 22:56:33,762 INFO o.a.j.t.JMeterThread: Thread is done: Thread Group 1-66
2024-06-24 22:56:33,762 INFO o.a.j.t.JMeterThread: Thread finished: Thread Group 1-66
2024-06-24 22:56:36,074 INFO o.a.j.t.JMeterThread: Thread started: Thread Group 1-67
2024-06-24 22:56:36,928 INFO o.a.j.t.JMeterThread: Thread is done: Thread Group 1-67
2024-06-24 22:56:36,929 INFO o.a.j.t.JMeterThread: Thread finished: Thread Group 1-67
2024-06-24 22:56:39,075 INFO o.a.j.t.JMeterThread: Thread started: Thread Group 1-68
2024-06-24 22:56:39,846 INFO o.a.j.t.JMeterThread: Thread is done: Thread Group 1-68
2024-06-24 22:56:39,846 INFO o.a.j.t.JMeterThread: Thread finished: Thread Group 1-68
2024-06-24 22:56:42,075 INFO o.a.j.t.JMeterThread: Thread started: Thread Group 1-69
2024-06-24 22:56:42,847 INFO o.a.j.t.JMeterThread: Thread is done: Thread Group 1-69
2024-06-24 22:56:42,847 INFO o.a.j.t.JMeterThread: Thread finished: Thread Group 1-69
2024-06-24 22:56:45,080 INFO o.a.j.t.JMeterThread: Thread started: Thread Group 1-70
2024-06-24 22:56:45,940 INFO o.a.j.t.JMeterThread: Thread is done: Thread Group 1-70
2024-06-24 22:56:45,940 INFO o.a.j.t.JMeterThread: Thread finished: Thread Group 1-70
2024-06-24 22:56:48,074 INFO o.a.j.t.JMeterThread: Thread started: Thread Group 1-71
2024-06-24 22:56:48,852 INFO o.a.j.t.JMeterThread: Thread is done: Thread Group 1-71
2024-06-24 22:56:48,853 INFO o.a.j.t.JMeterThread: Thread finished: Thread Group 1-71
2024-06-24 22:56:51,077 INFO o.a.j.t.JMeterThread: Thread started: Thread Group 1-72
2024-06-24 22:56:51,848 INFO o.a.j.t.JMeterThread: Thread is done: Thread Group 1-72
2024-06-24 22:56:51,848 INFO o.a.j.t.JMeterThread: Thread finished: Thread Group 1-72
2024-06-24 22:56:54,081 INFO o.a.j.t.JMeterThread: Thread started: Thread Group 1-73
2024-06-24 22:56:54,915 INFO o.a.j.t.JMeterThread: Thread is done: Thread Group 1-73
2024-06-24 22:56:54,915 INFO o.a.j.t.JMeterThread: Thread finished: Thread Group 1-73
2024-06-24 22:56:57,075 INFO o.a.j.t.JMeterThread: Thread started: Thread Group 1-74
2024-06-24 22:56:57,850 INFO o.a.j.t.JMeterThread: Thread is done: Thread Group 1-74
2024-06-24 22:56:57,850 INFO o.a.j.t.JMeterThread: Thread finished: Thread Group 1-74
2024-06-24 22:57:00,081 INFO o.a.j.t.JMeterThread: Thread started: Thread Group 1-75
2024-06-24 22:57:00,640 INFO o.a.j.r.Summariser: summary +     10 in 00:00:30 =    0.3/s Avg:   763 Min:   556 Max:   858 Err:     0 (0.00%) Active: 1 Started: 75 Finished: 74
2024-06-24 22:57:00,642 INFO o.a.j.r.Summariser: summary =     75 in 00:03:43 =    0.3/s Avg:  1013 Min:   521 Max: 21051 Err:     1 (1.33%)
2024-06-24 22:57:00,643 INFO o.a.j.t.JMeterThread: Thread is done: Thread Group 1-75
2024-06-24 22:57:00,643 INFO o.a.j.t.JMeterThread: Thread finished: Thread Group 1-75
2024-06-24 22:57:03,080 INFO o.a.j.t.JMeterThread: Thread started: Thread Group 1-76
2024-06-24 22:57:03,845 INFO o.a.j.t.JMeterThread: Thread is done: Thread Group 1-76
2024-06-24 22:57:03,846 INFO o.a.j.t.JMeterThread: Thread finished: Thread Group 1-76
2024-06-24 22:57:06,080 INFO o.a.j.t.JMeterThread: Thread started: Thread Group 1-77
2024-06-24 22:57:06,635 INFO o.a.j.t.JMeterThread: Thread is done: Thread Group 1-77
2024-06-24 22:57:06,635 INFO o.a.j.t.JMeterThread: Thread finished: Thread Group 1-77
2024-06-24 22:57:09,103 INFO o.a.j.t.JMeterThread: Thread started: Thread Group 1-78
2024-06-24 22:57:09,669 INFO o.a.j.t.JMeterThread: Thread is done: Thread Group 1-78
2024-06-24 22:57:09,670 INFO o.a.j.t.JMeterThread: Thread finished: Thread Group 1-78
2024-06-24 22:57:12,098 INFO o.a.j.t.JMeterThread: Thread started: Thread Group 1-79
2024-06-24 22:57:12,889 INFO o.a.j.t.JMeterThread: Thread is done: Thread Group 1-79
2024-06-24 22:57:12,889 INFO o.a.j.t.JMeterThread: Thread finished: Thread Group 1-79
2024-06-24 22:57:15,084 INFO o.a.j.t.JMeterThread: Thread started: Thread Group 1-80
2024-06-24 22:57:15,648 INFO o.a.j.t.JMeterThread: Thread is done: Thread Group 1-80
2024-06-24 22:57:15,648 INFO o.a.j.t.JMeterThread: Thread finished: Thread Group 1-80
2024-06-24 22:57:18,107 INFO o.a.j.t.JMeterThread: Thread started: Thread Group 1-81
2024-06-24 22:57:18,672 INFO o.a.j.t.JMeterThread: Thread is done: Thread Group 1-81
2024-06-24 22:57:18,672 INFO o.a.j.t.JMeterThread: Thread finished: Thread Group 1-81
2024-06-24 22:57:21,098 INFO o.a.j.t.JMeterThread: Thread started: Thread Group 1-82
2024-06-24 22:57:21,643 INFO o.a.j.t.JMeterThread: Thread is done: Thread Group 1-82
2024-06-24 22:57:21,643 INFO o.a.j.t.JMeterThread: Thread finished: Thread Group 1-82
2024-06-24 22:57:24,083 INFO o.a.j.t.JMeterThread: Thread started: Thread Group 1-83
2024-06-24 22:57:24,880 INFO o.a.j.t.JMeterThread: Thread is done: Thread Group 1-83
2024-06-24 22:57:24,881 INFO o.a.j.t.JMeterThread: Thread finished: Thread Group 1-83
2024-06-24 22:57:27,082 INFO o.a.j.t.JMeterThread: Thread started: Thread Group 1-84
2024-06-24 22:57:27,871 INFO o.a.j.t.JMeterThread: Thread is done: Thread Group 1-84
2024-06-24 22:57:27,871 INFO o.a.j.t.JMeterThread: Thread finished: Thread Group 1-84
2024-06-24 22:57:30,081 INFO o.a.j.t.JMeterThread: Thread started: Thread Group 1-85
2024-06-24 22:57:30,890 INFO o.a.j.r.Summariser: summary +     10 in 00:00:30 =    0.3/s Avg:   672 Min:   542 Max:   806 Err:     0 (0.00%) Active: 1 Started: 85 Finished: 84
2024-06-24 22:57:30,892 INFO o.a.j.r.Summariser: summary =     85 in 00:04:13 =    0.3/s Avg:   973 Min:   521 Max: 21051 Err:     1 (1.18%)
2024-06-24 22:57:30,895 INFO o.a.j.t.JMeterThread: Thread is done: Thread Group 1-85
2024-06-24 22:57:30,895 INFO o.a.j.t.JMeterThread: Thread finished: Thread Group 1-85
2024-06-24 22:57:33,097 INFO o.a.j.t.JMeterThread: Thread started: Thread Group 1-86
2024-06-24 22:57:33,708 INFO o.a.j.t.JMeterThread: Thread is done: Thread Group 1-86
2024-06-24 22:57:33,708 INFO o.a.j.t.JMeterThread: Thread finished: Thread Group 1-86
2024-06-24 22:57:36,096 INFO o.a.j.t.JMeterThread: Thread started: Thread Group 1-87
2024-06-24 22:57:36,717 INFO o.a.j.t.JMeterThread: Thread is done: Thread Group 1-87
2024-06-24 22:57:36,717 INFO o.a.j.t.JMeterThread: Thread finished: Thread Group 1-87
2024-06-24 22:57:39,081 INFO o.a.j.t.JMeterThread: Thread started: Thread Group 1-88
2024-06-24 22:57:39,616 INFO o.a.j.t.JMeterThread: Thread is done: Thread Group 1-88
2024-06-24 22:57:39,617 INFO o.a.j.t.JMeterThread: Thread finished: Thread Group 1-88
2024-06-24 22:57:42,094 INFO o.a.j.t.JMeterThread: Thread started: Thread Group 1-89
2024-06-24 22:57:42,699 INFO o.a.j.t.JMeterThread: Thread is done: Thread Group 1-89
2024-06-24 22:57:42,699 INFO o.a.j.t.JMeterThread: Thread finished: Thread Group 1-89
2024-06-24 22:57:45,080 INFO o.a.j.t.JMeterThread: Thread started: Thread Group 1-90
2024-06-24 22:57:45,845 INFO o.a.j.t.JMeterThread: Thread is done: Thread Group 1-90
2024-06-24 22:57:45,845 INFO o.a.j.t.JMeterThread: Thread finished: Thread Group 1-90
2024-06-24 22:57:48,080 INFO o.a.j.t.JMeterThread: Thread started: Thread Group 1-91
2024-06-24 22:57:48,671 INFO o.a.j.t.JMeterThread: Thread is done: Thread Group 1-91
2024-06-24 22:57:48,671 INFO o.a.j.t.JMeterThread: Thread finished: Thread Group 1-91
2024-06-24 22:57:51,095 INFO o.a.j.t.JMeterThread: Thread started: Thread Group 1-92
2024-06-24 22:57:51,910 INFO o.a.j.t.JMeterThread: Thread is done: Thread Group 1-92
2024-06-24 22:57:51,911 INFO o.a.j.t.JMeterThread: Thread finished: Thread Group 1-92
2024-06-24 22:57:54,079 INFO o.a.j.t.JMeterThread: Thread started: Thread Group 1-93
2024-06-24 22:57:54,646 INFO o.a.j.t.JMeterThread: Thread is done: Thread Group 1-93
2024-06-24 22:57:54,647 INFO o.a.j.t.JMeterThread: Thread finished: Thread Group 1-93
2024-06-24 22:57:57,078 INFO o.a.j.t.JMeterThread: Thread started: Thread Group 1-94
2024-06-24 22:57:57,888 INFO o.a.j.t.JMeterThread: Thread is done: Thread Group 1-94
2024-06-24 22:57:57,889 INFO o.a.j.t.JMeterThread: Thread finished: Thread Group 1-94
2024-06-24 22:58:00,078 INFO o.a.j.t.JMeterThread: Thread started: Thread Group 1-95
2024-06-24 22:58:00,573 INFO o.a.j.r.Summariser: summary +     10 in 00:00:30 =    0.3/s Avg:   639 Min:   495 Max:   814 Err:     0 (0.00%) Active: 1 Started: 95 Finished: 94
2024-06-24 22:58:00,574 INFO o.a.j.r.Summariser: summary =     95 in 00:04:43 =    0.3/s Avg:   938 Min:   495 Max: 21051 Err:     1 (1.05%)
2024-06-24 22:58:00,576 INFO o.a.j.t.JMeterThread: Thread is done: Thread Group 1-95
2024-06-24 22:58:00,576 INFO o.a.j.t.JMeterThread: Thread finished: Thread Group 1-95
2024-06-24 22:58:03,093 INFO o.a.j.t.JMeterThread: Thread started: Thread Group 1-96
2024-06-24 22:58:03,875 INFO o.a.j.t.JMeterThread: Thread is done: Thread Group 1-96
2024-06-24 22:58:03,875 INFO o.a.j.t.JMeterThread: Thread finished: Thread Group 1-96
2024-06-24 22:58:06,078 INFO o.a.j.t.JMeterThread: Thread started: Thread Group 1-97
2024-06-24 22:58:06,729 INFO o.a.j.t.JMeterThread: Thread is done: Thread Group 1-97
2024-06-24 22:58:06,729 INFO o.a.j.t.JMeterThread: Thread finished: Thread Group 1-97
2024-06-24 22:58:09,081 INFO o.a.j.t.JMeterThread: Thread started: Thread Group 1-98
2024-06-24 22:58:09,872 INFO o.a.j.t.JMeterThread: Thread is done: Thread Group 1-98
2024-06-24 22:58:09,873 INFO o.a.j.t.JMeterThread: Thread finished: Thread Group 1-98
2024-06-24 22:58:12,093 INFO o.a.j.t.JMeterThread: Thread started: Thread Group 1-99
2024-06-24 22:58:12,856 INFO o.a.j.t.JMeterThread: Thread is done: Thread Group 1-99
2024-06-24 22:58:12,856 INFO o.a.j.t.JMeterThread: Thread finished: Thread Group 1-99
2024-06-24 22:58:15,094 INFO o.a.j.t.JMeterThread: Thread started: Thread Group 1-100
2024-06-24 22:58:15,890 INFO o.a.j.t.JMeterThread: Thread is done: Thread Group 1-100
2024-06-24 22:58:15,891 INFO o.a.j.t.JMeterThread: Thread finished: Thread Group 1-100
2024-06-24 22:58:18,074 INFO o.a.j.t.JMeterThread: Thread started: Thread Group 1-101
2024-06-24 22:58:18,598 INFO o.a.j.t.JMeterThread: Thread is done: Thread Group 1-101
2024-06-24 22:58:18,598 INFO o.a.j.t.JMeterThread: Thread finished: Thread Group 1-101
2024-06-24 22:58:21,098 INFO o.a.j.t.JMeterThread: Thread started: Thread Group 1-102
2024-06-24 22:58:21,843 INFO o.a.j.t.JMeterThread: Thread is done: Thread Group 1-102
2024-06-24 22:58:21,843 INFO o.a.j.t.JMeterThread: Thread finished: Thread Group 1-102
2024-06-24 22:58:24,077 INFO o.a.j.t.JMeterThread: Thread started: Thread Group 1-103
2024-06-24 22:58:24,925 INFO o.a.j.t.JMeterThread: Thread is done: Thread Group 1-103
2024-06-24 22:58:24,925 INFO o.a.j.t.JMeterThread: Thread finished: Thread Group 1-103
2024-06-24 22:58:27,087 INFO o.a.j.t.JMeterThread: Thread started: Thread Group 1-104
2024-06-24 22:58:27,731 INFO o.a.j.t.JMeterThread: Thread is done: Thread Group 1-104
2024-06-24 22:58:27,731 INFO o.a.j.t.JMeterThread: Thread finished: Thread Group 1-104
2024-06-24 22:58:30,087 INFO o.a.j.t.JMeterThread: Thread started: Thread Group 1-105
2024-06-24 22:58:30,602 INFO o.a.j.r.Summariser: summary +     10 in 00:00:30 =    0.3/s Avg:   703 Min:   510 Max:   844 Err:     0 (0.00%) Active: 1 Started: 105 Finished: 104
2024-06-24 22:58:30,604 INFO o.a.j.r.Summariser: summary =    105 in 00:05:13 =    0.3/s Avg:   915 Min:   495 Max: 21051 Err:     1 (0.95%)
2024-06-24 22:58:30,609 INFO o.a.j.t.JMeterThread: Thread is done: Thread Group 1-105
2024-06-24 22:58:30,609 INFO o.a.j.t.JMeterThread: Thread finished: Thread Group 1-105
2024-06-24 22:58:33,089 INFO o.a.j.t.JMeterThread: Thread started: Thread Group 1-106
2024-06-24 22:58:33,947 INFO o.a.j.t.JMeterThread: Thread is done: Thread Group 1-106
2024-06-24 22:58:33,947 INFO o.a.j.t.JMeterThread: Thread finished: Thread Group 1-106
2024-06-24 22:58:36,087 INFO o.a.j.t.JMeterThread: Thread started: Thread Group 1-107
2024-06-24 22:58:36,852 INFO o.a.j.t.JMeterThread: Thread is done: Thread Group 1-107
2024-06-24 22:58:36,852 INFO o.a.j.t.JMeterThread: Thread finished: Thread Group 1-107
2024-06-24 22:58:39,087 INFO o.a.j.t.JMeterThread: Thread started: Thread Group 1-108
2024-06-24 22:58:39,682 INFO o.a.j.t.JMeterThread: Thread is done: Thread Group 1-108
2024-06-24 22:58:39,682 INFO o.a.j.t.JMeterThread: Thread finished: Thread Group 1-108
2024-06-24 22:58:42,099 INFO o.a.j.t.JMeterThread: Thread started: Thread Group 1-109
2024-06-24 22:58:42,870 INFO o.a.j.t.JMeterThread: Thread is done: Thread Group 1-109
2024-06-24 22:58:42,871 INFO o.a.j.t.JMeterThread: Thread finished: Thread Group 1-109
2024-06-24 22:58:45,086 INFO o.a.j.t.JMeterThread: Thread started: Thread Group 1-110
2024-06-24 22:58:45,635 INFO o.a.j.t.JMeterThread: Thread is done: Thread Group 1-110
2024-06-24 22:58:45,636 INFO o.a.j.t.JMeterThread: Thread finished: Thread Group 1-110
2024-06-24 22:58:48,083 INFO o.a.j.t.JMeterThread: Thread started: Thread Group 1-111
2024-06-24 22:58:48,870 INFO o.a.j.t.JMeterThread: Thread is done: Thread Group 1-111
2024-06-24 22:58:48,871 INFO o.a.j.t.JMeterThread: Thread finished: Thread Group 1-111
2024-06-24 22:58:51,084 INFO o.a.j.t.JMeterThread: Thread started: Thread Group 1-112
2024-06-24 22:58:51,973 INFO o.a.j.t.JMeterThread: Thread is done: Thread Group 1-112
2024-06-24 22:58:51,973 INFO o.a.j.t.JMeterThread: Thread finished: Thread Group 1-112
2024-06-24 22:58:54,084 INFO o.a.j.t.JMeterThread: Thread started: Thread Group 1-113
2024-06-24 22:58:54,936 INFO o.a.j.t.JMeterThread: Thread is done: Thread Group 1-113
2024-06-24 22:58:54,936 INFO o.a.j.t.JMeterThread: Thread finished: Thread Group 1-113
2024-06-24 22:58:57,083 INFO o.a.j.t.JMeterThread: Thread started: Thread Group 1-114
2024-06-24 22:58:57,727 INFO o.a.j.t.JMeterThread: Thread is done: Thread Group 1-114
2024-06-24 22:58:57,727 INFO o.a.j.t.JMeterThread: Thread finished: Thread Group 1-114
2024-06-24 22:59:00,083 INFO o.a.j.t.JMeterThread: Thread started: Thread Group 1-115
2024-06-24 22:59:00,863 INFO o.a.j.r.Summariser: summary +     10 in 00:00:30 =    0.3/s Avg:   747 Min:   548 Max:   888 Err:     0 (0.00%) Active: 1 Started: 115 Finished: 114
2024-06-24 22:59:00,865 INFO o.a.j.r.Summariser: summary =    115 in 00:05:43 =    0.3/s Avg:   901 Min:   495 Max: 21051 Err:     1 (0.87%)
2024-06-24 22:59:00,870 INFO o.a.j.t.JMeterThread: Thread is done: Thread Group 1-115
2024-06-24 22:59:00,870 INFO o.a.j.t.JMeterThread: Thread finished: Thread Group 1-115
2024-06-24 22:59:03,082 INFO o.a.j.t.JMeterThread: Thread started: Thread Group 1-116
2024-06-24 22:59:03,619 INFO o.a.j.t.JMeterThread: Thread is done: Thread Group 1-116
2024-06-24 22:59:03,620 INFO o.a.j.t.JMeterThread: Thread finished: Thread Group 1-116
2024-06-24 22:59:06,080 INFO o.a.j.t.JMeterThread: Thread started: Thread Group 1-117
2024-06-24 22:59:06,939 INFO o.a.j.t.JMeterThread: Thread is done: Thread Group 1-117
2024-06-24 22:59:06,939 INFO o.a.j.t.JMeterThread: Thread finished: Thread Group 1-117
2024-06-24 22:59:09,080 INFO o.a.j.t.JMeterThread: Thread started: Thread Group 1-118
2024-06-24 22:59:09,842 INFO o.a.j.t.JMeterThread: Thread is done: Thread Group 1-118
2024-06-24 22:59:09,842 INFO o.a.j.t.JMeterThread: Thread finished: Thread Group 1-118
2024-06-24 22:59:12,078 INFO o.a.j.t.JMeterThread: Thread started: Thread Group 1-119
2024-06-24 22:59:12,903 INFO o.a.j.t.JMeterThread: Thread is done: Thread Group 1-119
2024-06-24 22:59:12,903 INFO o.a.j.t.JMeterThread: Thread finished: Thread Group 1-119
2024-06-24 22:59:15,081 INFO o.a.j.t.JMeterThread: Thread started: Thread Group 1-120
2024-06-24 22:59:15,655 INFO o.a.j.t.JMeterThread: Thread is done: Thread Group 1-120
2024-06-24 22:59:15,655 INFO o.a.j.t.JMeterThread: Thread finished: Thread Group 1-120
2024-06-24 22:59:18,082 INFO o.a.j.t.JMeterThread: Thread started: Thread Group 1-121
2024-06-24 22:59:18,736 INFO o.a.j.t.JMeterThread: Thread is done: Thread Group 1-121
2024-06-24 22:59:18,736 INFO o.a.j.t.JMeterThread: Thread finished: Thread Group 1-121
2024-06-24 22:59:21,079 INFO o.a.j.t.JMeterThread: Thread started: Thread Group 1-122
2024-06-24 22:59:21,854 INFO o.a.j.t.JMeterThread: Thread is done: Thread Group 1-122
2024-06-24 22:59:21,854 INFO o.a.j.t.JMeterThread: Thread finished: Thread Group 1-122
2024-06-24 22:59:24,079 INFO o.a.j.t.JMeterThread: Thread started: Thread Group 1-123
2024-06-24 22:59:24,714 INFO o.a.j.t.JMeterThread: Thread is done: Thread Group 1-123
2024-06-24 22:59:24,715 INFO o.a.j.t.JMeterThread: Thread finished: Thread Group 1-123
2024-06-24 22:59:27,077 INFO o.a.j.t.JMeterThread: Thread started: Thread Group 1-124
2024-06-24 22:59:27,858 INFO o.a.j.t.JMeterThread: Thread is done: Thread Group 1-124
2024-06-24 22:59:27,858 INFO o.a.j.t.JMeterThread: Thread finished: Thread Group 1-124
2024-06-24 22:59:30,078 INFO o.a.j.t.JMeterThread: Thread started: Thread Group 1-125
2024-06-24 22:59:30,708 INFO o.a.j.r.Summariser: summary +     10 in 00:00:30 =    0.3/s Avg:   700 Min:   535 Max:   856 Err:     0 (0.00%) Active: 1 Started: 125 Finished: 124
2024-06-24 22:59:30,710 INFO o.a.j.r.Summariser: summary =    125 in 00:06:13 =    0.3/s Avg:   885 Min:   495 Max: 21051 Err:     1 (0.80%)
2024-06-24 22:59:30,714 INFO o.a.j.t.JMeterThread: Thread is done: Thread Group 1-125
2024-06-24 22:59:30,714 INFO o.a.j.t.JMeterThread: Thread finished: Thread Group 1-125
2024-06-24 22:59:33,076 INFO o.a.j.t.JMeterThread: Thread started: Thread Group 1-126
2024-06-24 22:59:33,746 INFO o.a.j.t.JMeterThread: Thread is done: Thread Group 1-126
2024-06-24 22:59:33,746 INFO o.a.j.t.JMeterThread: Thread finished: Thread Group 1-126
2024-06-24 22:59:36,075 INFO o.a.j.t.JMeterThread: Thread started: Thread Group 1-127
2024-06-24 22:59:36,917 INFO o.a.j.t.JMeterThread: Thread is done: Thread Group 1-127
2024-06-24 22:59:36,917 INFO o.a.j.t.JMeterThread: Thread finished: Thread Group 1-127
2024-06-24 22:59:39,076 INFO o.a.j.t.JMeterThread: Thread started: Thread Group 1-128
2024-06-24 22:59:39,934 INFO o.a.j.t.JMeterThread: Thread is done: Thread Group 1-128
2024-06-24 22:59:39,935 INFO o.a.j.t.JMeterThread: Thread finished: Thread Group 1-128
2024-06-24 22:59:42,077 INFO o.a.j.t.JMeterThread: Thread started: Thread Group 1-129
2024-06-24 22:59:42,926 INFO o.a.j.t.JMeterThread: Thread is done: Thread Group 1-129
2024-06-24 22:59:42,927 INFO o.a.j.t.JMeterThread: Thread finished: Thread Group 1-129
2024-06-24 22:59:45,076 INFO o.a.j.t.JMeterThread: Thread started: Thread Group 1-130
2024-06-24 22:59:45,734 INFO o.a.j.t.JMeterThread: Thread is done: Thread Group 1-130
2024-06-24 22:59:45,734 INFO o.a.j.t.JMeterThread: Thread finished: Thread Group 1-130
2024-06-24 22:59:48,075 INFO o.a.j.t.JMeterThread: Thread started: Thread Group 1-131
2024-06-24 22:59:48,821 INFO o.a.j.t.JMeterThread: Thread is done: Thread Group 1-131
2024-06-24 22:59:48,822 INFO o.a.j.t.JMeterThread: Thread finished: Thread Group 1-131
2024-06-24 22:59:51,075 INFO o.a.j.t.JMeterThread: Thread started: Thread Group 1-132
2024-06-24 22:59:51,833 INFO o.a.j.t.JMeterThread: Thread is done: Thread Group 1-132
2024-06-24 22:59:51,833 INFO o.a.j.t.JMeterThread: Thread finished: Thread Group 1-132
2024-06-24 22:59:54,075 INFO o.a.j.t.JMeterThread: Thread started: Thread Group 1-133
2024-06-24 22:59:54,714 INFO o.a.j.t.JMeterThread: Thread is done: Thread Group 1-133
2024-06-24 22:59:54,714 INFO o.a.j.t.JMeterThread: Thread finished: Thread Group 1-133
2024-06-24 22:59:57,075 INFO o.a.j.t.JMeterThread: Thread started: Thread Group 1-134
2024-06-24 22:59:57,940 INFO o.a.j.t.JMeterThread: Thread is done: Thread Group 1-134
2024-06-24 22:59:57,940 INFO o.a.j.t.JMeterThread: Thread finished: Thread Group 1-134
2024-06-24 23:00:00,074 INFO o.a.j.t.JMeterThread: Thread started: Thread Group 1-135
2024-06-24 23:00:00,617 INFO o.a.j.r.Summariser: summary +     10 in 00:00:30 =    0.3/s Avg:   740 Min:   540 Max:   861 Err:     0 (0.00%) Active: 1 Started: 135 Finished: 134
2024-06-24 23:00:00,620 INFO o.a.j.r.Summariser: summary =    135 in 00:06:43 =    0.3/s Avg:   874 Min:   495 Max: 21051 Err:     1 (0.74%)
2024-06-24 23:00:00,621 INFO o.a.j.t.JMeterThread: Thread is done: Thread Group 1-135
2024-06-24 23:00:00,621 INFO o.a.j.t.JMeterThread: Thread finished: Thread Group 1-135
2024-06-24 23:00:03,074 INFO o.a.j.t.JMeterThread: Thread started: Thread Group 1-136
2024-06-24 23:00:03,862 INFO o.a.j.t.JMeterThread: Thread is done: Thread Group 1-136
2024-06-24 23:00:03,862 INFO o.a.j.t.JMeterThread: Thread finished: Thread Group 1-136
2024-06-24 23:00:06,079 INFO o.a.j.t.JMeterThread: Thread started: Thread Group 1-137
2024-06-24 23:00:06,832 INFO o.a.j.t.JMeterThread: Thread is done: Thread Group 1-137
2024-06-24 23:00:06,832 INFO o.a.j.t.JMeterThread: Thread finished: Thread Group 1-137
2024-06-24 23:00:09,077 INFO o.a.j.t.JMeterThread: Thread started: Thread Group 1-138
2024-06-24 23:00:09,878 INFO o.a.j.t.JMeterThread: Thread is done: Thread Group 1-138
2024-06-24 23:00:09,878 INFO o.a.j.t.JMeterThread: Thread finished: Thread Group 1-138
2024-06-24 23:00:12,077 INFO o.a.j.t.JMeterThread: Thread started: Thread Group 1-139
2024-06-24 23:00:12,856 INFO o.a.j.t.JMeterThread: Thread is done: Thread Group 1-139
2024-06-24 23:00:12,856 INFO o.a.j.t.JMeterThread: Thread finished: Thread Group 1-139
2024-06-24 23:00:15,077 INFO o.a.j.t.JMeterThread: Thread started: Thread Group 1-140
2024-06-24 23:00:15,602 INFO o.a.j.t.JMeterThread: Thread is done: Thread Group 1-140
2024-06-24 23:00:15,602 INFO o.a.j.t.JMeterThread: Thread finished: Thread Group 1-140
2024-06-24 23:00:18,077 INFO o.a.j.t.JMeterThread: Thread started: Thread Group 1-141
2024-06-24 23:00:18,834 INFO o.a.j.t.JMeterThread: Thread is done: Thread Group 1-141
2024-06-24 23:00:18,834 INFO o.a.j.t.JMeterThread: Thread finished: Thread Group 1-141
2024-06-24 23:00:21,085 INFO o.a.j.t.JMeterThread: Thread started: Thread Group 1-142
2024-06-24 23:00:21,844 INFO o.a.j.t.JMeterThread: Thread is done: Thread Group 1-142
2024-06-24 23:00:21,845 INFO o.a.j.t.JMeterThread: Thread finished: Thread Group 1-142
2024-06-24 23:00:24,076 INFO o.a.j.t.JMeterThread: Thread started: Thread Group 1-143
2024-06-24 23:00:24,688 INFO o.a.j.t.JMeterThread: Thread is done: Thread Group 1-143
2024-06-24 23:00:24,688 INFO o.a.j.t.JMeterThread: Thread finished: Thread Group 1-143
2024-06-24 23:00:27,086 INFO o.a.j.t.JMeterThread: Thread started: Thread Group 1-144
2024-06-24 23:00:27,869 INFO o.a.j.t.JMeterThread: Thread is done: Thread Group 1-144
2024-06-24 23:00:27,869 INFO o.a.j.t.JMeterThread: Thread finished: Thread Group 1-144
2024-06-24 23:00:30,086 INFO o.a.j.t.JMeterThread: Thread started: Thread Group 1-145
2024-06-24 23:00:30,847 INFO o.a.j.r.Summariser: summary +     10 in 00:00:30 =    0.3/s Avg:   730 Min:   524 Max:   798 Err:     0 (0.00%) Active: 1 Started: 145 Finished: 144
2024-06-24 23:00:30,848 INFO o.a.j.r.Summariser: summary =    145 in 00:07:13 =    0.3/s Avg:   864 Min:   495 Max: 21051 Err:     1 (0.69%)
2024-06-24 23:00:30,850 INFO o.a.j.t.JMeterThread: Thread is done: Thread Group 1-145
2024-06-24 23:00:30,850 INFO o.a.j.t.JMeterThread: Thread finished: Thread Group 1-145
2024-06-24 23:00:33,082 INFO o.a.j.t.JMeterThread: Thread started: Thread Group 1-146
2024-06-24 23:00:33,862 INFO o.a.j.t.JMeterThread: Thread is done: Thread Group 1-146
2024-06-24 23:00:33,862 INFO o.a.j.t.JMeterThread: Thread finished: Thread Group 1-146
2024-06-24 23:00:36,089 INFO o.a.j.t.JMeterThread: Thread started: Thread Group 1-147
2024-06-24 23:00:36,759 INFO o.a.j.t.JMeterThread: Thread is done: Thread Group 1-147
2024-06-24 23:00:36,759 INFO o.a.j.t.JMeterThread: Thread finished: Thread Group 1-147
2024-06-24 23:00:39,081 INFO o.a.j.t.JMeterThread: Thread started: Thread Group 1-148
2024-06-24 23:00:39,752 INFO o.a.j.t.JMeterThread: Thread is done: Thread Group 1-148
2024-06-24 23:00:39,752 INFO o.a.j.t.JMeterThread: Thread finished: Thread Group 1-148
2024-06-24 23:00:42,081 INFO o.a.j.t.JMeterThread: Thread started: Thread Group 1-149
2024-06-24 23:00:42,841 INFO o.a.j.t.JMeterThread: Thread is done: Thread Group 1-149
2024-06-24 23:00:42,841 INFO o.a.j.t.JMeterThread: Thread finished: Thread Group 1-149
2024-06-24 23:00:45,081 INFO o.a.j.t.JMeterThread: Thread started: Thread Group 1-150
2024-06-24 23:00:45,843 INFO o.a.j.t.JMeterThread: Thread is done: Thread Group 1-150
2024-06-24 23:00:45,843 INFO o.a.j.t.JMeterThread: Thread finished: Thread Group 1-150
2024-06-24 23:00:48,123 INFO o.a.j.t.JMeterThread: Thread started: Thread Group 1-151
2024-06-24 23:00:48,919 INFO o.a.j.t.JMeterThread: Thread is done: Thread Group 1-151
2024-06-24 23:00:48,919 INFO o.a.j.t.JMeterThread: Thread finished: Thread Group 1-151
2024-06-24 23:00:51,140 INFO o.a.j.t.JMeterThread: Thread started: Thread Group 1-152
2024-06-24 23:00:51,902 INFO o.a.j.t.JMeterThread: Thread is done: Thread Group 1-152
2024-06-24 23:00:51,902 INFO o.a.j.t.JMeterThread: Thread finished: Thread Group 1-152
2024-06-24 23:00:54,124 INFO o.a.j.t.JMeterThread: Thread started: Thread Group 1-153
2024-06-24 23:00:54,747 INFO o.a.j.t.JMeterThread: Thread is done: Thread Group 1-153
2024-06-24 23:00:54,747 INFO o.a.j.t.JMeterThread: Thread finished: Thread Group 1-153
2024-06-24 23:00:57,123 INFO o.a.j.t.JMeterThread: Thread started: Thread Group 1-154
2024-06-24 23:00:58,284 INFO o.a.j.t.JMeterThread: Thread is done: Thread Group 1-154
2024-06-24 23:00:58,284 INFO o.a.j.t.JMeterThread: Thread finished: Thread Group 1-154
2024-06-24 23:01:00,122 INFO o.a.j.t.JMeterThread: Thread started: Thread Group 1-155
2024-06-24 23:01:00,873 INFO o.a.j.r.Summariser: summary +     10 in 00:00:30 =    0.3/s Avg:   771 Min:   621 Max:  1159 Err:     0 (0.00%) Active: 1 Started: 155 Finished: 154
2024-06-24 23:01:00,875 INFO o.a.j.r.Summariser: summary =    155 in 00:07:43 =    0.3/s Avg:   858 Min:   495 Max: 21051 Err:     1 (0.65%)
2024-06-24 23:01:00,878 INFO o.a.j.t.JMeterThread: Thread is done: Thread Group 1-155
2024-06-24 23:01:00,878 INFO o.a.j.t.JMeterThread: Thread finished: Thread Group 1-155
2024-06-24 23:01:03,123 INFO o.a.j.t.JMeterThread: Thread started: Thread Group 1-156
2024-06-24 23:01:03,936 INFO o.a.j.t.JMeterThread: Thread is done: Thread Group 1-156
2024-06-24 23:01:03,937 INFO o.a.j.t.JMeterThread: Thread finished: Thread Group 1-156
2024-06-24 23:01:06,126 INFO o.a.j.t.JMeterThread: Thread started: Thread Group 1-157
2024-06-24 23:01:07,010 INFO o.a.j.t.JMeterThread: Thread is done: Thread Group 1-157
2024-06-24 23:01:07,010 INFO o.a.j.t.JMeterThread: Thread finished: Thread Group 1-157
2024-06-24 23:01:09,123 INFO o.a.j.t.JMeterThread: Thread started: Thread Group 1-158
2024-06-24 23:01:09,638 INFO o.a.j.t.JMeterThread: Thread is done: Thread Group 1-158
2024-06-24 23:01:09,638 INFO o.a.j.t.JMeterThread: Thread finished: Thread Group 1-158
2024-06-24 23:01:12,123 INFO o.a.j.t.JMeterThread: Thread started: Thread Group 1-159
2024-06-24 23:01:13,742 INFO o.a.j.t.JMeterThread: Thread is done: Thread Group 1-159
2024-06-24 23:01:13,742 INFO o.a.j.t.JMeterThread: Thread finished: Thread Group 1-159
2024-06-24 23:01:15,125 INFO o.a.j.t.JMeterThread: Thread started: Thread Group 1-160
2024-06-24 23:01:15,649 INFO o.a.j.t.JMeterThread: Thread is done: Thread Group 1-160
2024-06-24 23:01:15,649 INFO o.a.j.t.JMeterThread: Thread finished: Thread Group 1-160
2024-06-24 23:01:18,127 INFO o.a.j.t.JMeterThread: Thread started: Thread Group 1-161
2024-06-24 23:01:18,993 INFO o.a.j.t.JMeterThread: Thread is done: Thread Group 1-161
2024-06-24 23:01:18,993 INFO o.a.j.t.JMeterThread: Thread finished: Thread Group 1-161
2024-06-24 23:01:21,123 INFO o.a.j.t.JMeterThread: Thread started: Thread Group 1-162
2024-06-24 23:01:21,747 INFO o.a.j.t.JMeterThread: Thread is done: Thread Group 1-162
2024-06-24 23:01:21,747 INFO o.a.j.t.JMeterThread: Thread finished: Thread Group 1-162
2024-06-24 23:01:24,126 INFO o.a.j.t.JMeterThread: Thread started: Thread Group 1-163
2024-06-24 23:01:24,761 INFO o.a.j.t.JMeterThread: Thread is done: Thread Group 1-163
2024-06-24 23:01:24,761 INFO o.a.j.t.JMeterThread: Thread finished: Thread Group 1-163
2024-06-24 23:01:27,130 INFO o.a.j.t.JMeterThread: Thread started: Thread Group 1-164
2024-06-24 23:01:27,746 INFO o.a.j.t.JMeterThread: Thread is done: Thread Group 1-164
2024-06-24 23:01:27,746 INFO o.a.j.t.JMeterThread: Thread finished: Thread Group 1-164
2024-06-24 23:01:30,125 INFO o.a.j.t.JMeterThread: Thread started: Thread Group 1-165
2024-06-24 23:01:30,900 INFO o.a.j.r.Summariser: summary +     10 in 00:00:30 =    0.3/s Avg:   785 Min:   513 Max:  1617 Err:     0 (0.00%) Active: 1 Started: 165 Finished: 164
2024-06-24 23:01:30,902 INFO o.a.j.r.Summariser: summary =    165 in 00:08:13 =    0.3/s Avg:   854 Min:   495 Max: 21051 Err:     1 (0.61%)
2024-06-24 23:01:30,906 INFO o.a.j.t.JMeterThread: Thread is done: Thread Group 1-165
2024-06-24 23:01:30,906 INFO o.a.j.t.JMeterThread: Thread finished: Thread Group 1-165
2024-06-24 23:01:33,126 INFO o.a.j.t.JMeterThread: Thread started: Thread Group 1-166
2024-06-24 23:01:33,699 INFO o.a.j.t.JMeterThread: Thread is done: Thread Group 1-166
2024-06-24 23:01:33,699 INFO o.a.j.t.JMeterThread: Thread finished: Thread Group 1-166
2024-06-24 23:01:36,127 INFO o.a.j.t.JMeterThread: Thread started: Thread Group 1-167
2024-06-24 23:01:36,648 INFO o.a.j.t.JMeterThread: Thread is done: Thread Group 1-167
2024-06-24 23:01:36,648 INFO o.a.j.t.JMeterThread: Thread finished: Thread Group 1-167
2024-06-24 23:01:39,128 INFO o.a.j.t.JMeterThread: Thread started: Thread Group 1-168
2024-06-24 23:01:39,696 INFO o.a.j.t.JMeterThread: Thread is done: Thread Group 1-168
2024-06-24 23:01:39,696 INFO o.a.j.t.JMeterThread: Thread finished: Thread Group 1-168
2024-06-24 23:01:42,128 INFO o.a.j.t.JMeterThread: Thread started: Thread Group 1-169
2024-06-24 23:01:42,773 INFO o.a.j.t.JMeterThread: Thread is done: Thread Group 1-169
2024-06-24 23:01:42,773 INFO o.a.j.t.JMeterThread: Thread finished: Thread Group 1-169
2024-06-24 23:01:45,127 INFO o.a.j.t.JMeterThread: Thread started: Thread Group 1-170
2024-06-24 23:01:45,910 INFO o.a.j.t.JMeterThread: Thread is done: Thread Group 1-170
2024-06-24 23:01:45,910 INFO o.a.j.t.JMeterThread: Thread finished: Thread Group 1-170
2024-06-24 23:01:48,138 INFO o.a.j.t.JMeterThread: Thread started: Thread Group 1-171
2024-06-24 23:01:48,767 INFO o.a.j.t.JMeterThread: Thread is done: Thread Group 1-171
2024-06-24 23:01:48,767 INFO o.a.j.t.JMeterThread: Thread finished: Thread Group 1-171
2024-06-24 23:01:51,128 INFO o.a.j.t.JMeterThread: Thread started: Thread Group 1-172
2024-06-24 23:01:52,022 INFO o.a.j.t.JMeterThread: Thread is done: Thread Group 1-172
2024-06-24 23:01:52,023 INFO o.a.j.t.JMeterThread: Thread finished: Thread Group 1-172
2024-06-24 23:01:54,128 INFO o.a.j.t.JMeterThread: Thread started: Thread Group 1-173
2024-06-24 23:01:54,665 INFO o.a.j.t.JMeterThread: Thread is done: Thread Group 1-173
2024-06-24 23:01:54,665 INFO o.a.j.t.JMeterThread: Thread finished: Thread Group 1-173
2024-06-24 23:01:57,139 INFO o.a.j.t.JMeterThread: Thread started: Thread Group 1-174
2024-06-24 23:01:57,874 INFO o.a.j.t.JMeterThread: Thread is done: Thread Group 1-174
2024-06-24 23:01:57,875 INFO o.a.j.t.JMeterThread: Thread finished: Thread Group 1-174
2024-06-24 23:02:00,127 INFO o.a.j.t.JMeterThread: Thread started: Thread Group 1-175
2024-06-24 23:02:00,752 INFO o.a.j.r.Summariser: summary +     10 in 00:00:30 =    0.3/s Avg:   647 Min:   518 Max:   891 Err:     0 (0.00%) Active: 1 Started: 175 Finished: 174
2024-06-24 23:02:00,753 INFO o.a.j.r.Summariser: summary =    175 in 00:08:43 =    0.3/s Avg:   842 Min:   495 Max: 21051 Err:     1 (0.57%)
2024-06-24 23:02:00,754 INFO o.a.j.t.JMeterThread: Thread is done: Thread Group 1-175
2024-06-24 23:02:00,754 INFO o.a.j.t.JMeterThread: Thread finished: Thread Group 1-175
2024-06-24 23:02:03,127 INFO o.a.j.t.JMeterThread: Thread started: Thread Group 1-176
2024-06-24 23:02:04,003 INFO o.a.j.t.JMeterThread: Thread is done: Thread Group 1-176
2024-06-24 23:02:04,003 INFO o.a.j.t.JMeterThread: Thread finished: Thread Group 1-176
2024-06-24 23:02:06,138 INFO o.a.j.t.JMeterThread: Thread started: Thread Group 1-177
2024-06-24 23:02:06,990 INFO o.a.j.t.JMeterThread: Thread is done: Thread Group 1-177
2024-06-24 23:02:06,990 INFO o.a.j.t.JMeterThread: Thread finished: Thread Group 1-177
2024-06-24 23:02:09,135 INFO o.a.j.t.JMeterThread: Thread started: Thread Group 1-178
2024-06-24 23:02:09,662 INFO o.a.j.t.JMeterThread: Thread is done: Thread Group 1-178
2024-06-24 23:02:09,662 INFO o.a.j.t.JMeterThread: Thread finished: Thread Group 1-178
2024-06-24 23:02:12,137 INFO o.a.j.t.JMeterThread: Thread started: Thread Group 1-179
2024-06-24 23:02:12,884 INFO o.a.j.t.JMeterThread: Thread is done: Thread Group 1-179
2024-06-24 23:02:12,884 INFO o.a.j.t.JMeterThread: Thread finished: Thread Group 1-179
2024-06-24 23:02:15,138 INFO o.a.j.t.JMeterThread: Thread started: Thread Group 1-180
2024-06-24 23:02:15,686 INFO o.a.j.t.JMeterThread: Thread is done: Thread Group 1-180
2024-06-24 23:02:15,686 INFO o.a.j.t.JMeterThread: Thread finished: Thread Group 1-180
2024-06-24 23:02:18,136 INFO o.a.j.t.JMeterThread: Thread started: Thread Group 1-181
2024-06-24 23:02:18,760 INFO o.a.j.t.JMeterThread: Thread is done: Thread Group 1-181
2024-06-24 23:02:18,761 INFO o.a.j.t.JMeterThread: Thread finished: Thread Group 1-181
2024-06-24 23:02:21,136 INFO o.a.j.t.JMeterThread: Thread started: Thread Group 1-182
2024-06-24 23:02:21,750 INFO o.a.j.t.JMeterThread: Thread is done: Thread Group 1-182
2024-06-24 23:02:21,750 INFO o.a.j.t.JMeterThread: Thread finished: Thread Group 1-182
2024-06-24 23:02:24,137 INFO o.a.j.t.JMeterThread: Thread started: Thread Group 1-183
2024-06-24 23:02:24,941 INFO o.a.j.t.JMeterThread: Thread is done: Thread Group 1-183
2024-06-24 23:02:24,941 INFO o.a.j.t.JMeterThread: Thread finished: Thread Group 1-183
2024-06-24 23:02:27,137 INFO o.a.j.t.JMeterThread: Thread started: Thread Group 1-184
2024-06-24 23:02:27,826 INFO o.a.j.t.JMeterThread: Thread is done: Thread Group 1-184
2024-06-24 23:02:27,826 INFO o.a.j.t.JMeterThread: Thread finished: Thread Group 1-184
2024-06-24 23:02:30,138 INFO o.a.j.t.JMeterThread: Thread started: Thread Group 1-185
2024-06-24 23:02:30,703 INFO o.a.j.r.Summariser: summary +     10 in 00:00:30 =    0.3/s Avg:   683 Min:   525 Max:   875 Err:     0 (0.00%) Active: 1 Started: 185 Finished: 184
2024-06-24 23:02:30,705 INFO o.a.j.r.Summariser: summary =    185 in 00:09:13 =    0.3/s Avg:   833 Min:   495 Max: 21051 Err:     1 (0.54%)
2024-06-24 23:02:30,709 INFO o.a.j.t.JMeterThread: Thread is done: Thread Group 1-185
2024-06-24 23:02:30,709 INFO o.a.j.t.JMeterThread: Thread finished: Thread Group 1-185
2024-06-24 23:02:33,140 INFO o.a.j.t.JMeterThread: Thread started: Thread Group 1-186
2024-06-24 23:02:33,894 INFO o.a.j.t.JMeterThread: Thread is done: Thread Group 1-186
2024-06-24 23:02:33,894 INFO o.a.j.t.JMeterThread: Thread finished: Thread Group 1-186
2024-06-24 23:02:36,141 INFO o.a.j.t.JMeterThread: Thread started: Thread Group 1-187
2024-06-24 23:02:36,934 INFO o.a.j.t.JMeterThread: Thread is done: Thread Group 1-187
2024-06-24 23:02:36,934 INFO o.a.j.t.JMeterThread: Thread finished: Thread Group 1-187
2024-06-24 23:02:39,138 INFO o.a.j.t.JMeterThread: Thread started: Thread Group 1-188
2024-06-24 23:02:39,888 INFO o.a.j.t.JMeterThread: Thread is done: Thread Group 1-188
2024-06-24 23:02:39,889 INFO o.a.j.t.JMeterThread: Thread finished: Thread Group 1-188
2024-06-24 23:02:42,139 INFO o.a.j.t.JMeterThread: Thread started: Thread Group 1-189
2024-06-24 23:02:42,784 INFO o.a.j.t.JMeterThread: Thread is done: Thread Group 1-189
2024-06-24 23:02:42,784 INFO o.a.j.t.JMeterThread: Thread finished: Thread Group 1-189
2024-06-24 23:02:45,135 INFO o.a.j.t.JMeterThread: Thread started: Thread Group 1-190
2024-06-24 23:02:45,904 INFO o.a.j.t.JMeterThread: Thread is done: Thread Group 1-190
2024-06-24 23:02:45,904 INFO o.a.j.t.JMeterThread: Thread finished: Thread Group 1-190
2024-06-24 23:02:48,135 INFO o.a.j.t.JMeterThread: Thread started: Thread Group 1-191
2024-06-24 23:02:48,799 INFO o.a.j.t.JMeterThread: Thread is done: Thread Group 1-191
2024-06-24 23:02:48,799 INFO o.a.j.t.JMeterThread: Thread finished: Thread Group 1-191
2024-06-24 23:02:51,135 INFO o.a.j.t.JMeterThread: Thread started: Thread Group 1-192
2024-06-24 23:02:51,891 INFO o.a.j.t.JMeterThread: Thread is done: Thread Group 1-192
2024-06-24 23:02:51,891 INFO o.a.j.t.JMeterThread: Thread finished: Thread Group 1-192
2024-06-24 23:02:54,137 INFO o.a.j.t.JMeterThread: Thread started: Thread Group 1-193
2024-06-24 23:02:55,008 INFO o.a.j.t.JMeterThread: Thread is done: Thread Group 1-193
2024-06-24 23:02:55,008 INFO o.a.j.t.JMeterThread: Thread finished: Thread Group 1-193
2024-06-24 23:02:57,139 INFO o.a.j.t.JMeterThread: Thread started: Thread Group 1-194
2024-06-24 23:02:57,929 INFO o.a.j.t.JMeterThread: Thread is done: Thread Group 1-194
2024-06-24 23:02:57,929 INFO o.a.j.t.JMeterThread: Thread finished: Thread Group 1-194
2024-06-24 23:03:00,135 INFO o.a.j.t.JMeterThread: Thread started: Thread Group 1-195
2024-06-24 23:03:00,707 INFO o.a.j.r.Summariser: summary +     10 in 00:00:30 =    0.3/s Avg:   733 Min:   569 Max:   869 Err:     0 (0.00%) Active: 1 Started: 195 Finished: 194
2024-06-24 23:03:00,710 INFO o.a.j.r.Summariser: summary =    195 in 00:09:43 =    0.3/s Avg:   828 Min:   495 Max: 21051 Err:     1 (0.51%)
2024-06-24 23:03:00,714 INFO o.a.j.t.JMeterThread: Thread is done: Thread Group 1-195
2024-06-24 23:03:00,714 INFO o.a.j.t.JMeterThread: Thread finished: Thread Group 1-195
2024-06-24 23:03:03,134 INFO o.a.j.t.JMeterThread: Thread started: Thread Group 1-196
2024-06-24 23:03:03,899 INFO o.a.j.t.JMeterThread: Thread is done: Thread Group 1-196
2024-06-24 23:03:03,899 INFO o.a.j.t.JMeterThread: Thread finished: Thread Group 1-196
2024-06-24 23:03:06,133 INFO o.a.j.t.JMeterThread: Thread started: Thread Group 1-197
2024-06-24 23:03:06,849 INFO o.a.j.t.JMeterThread: Thread is done: Thread Group 1-197
2024-06-24 23:03:06,849 INFO o.a.j.t.JMeterThread: Thread finished: Thread Group 1-197
2024-06-24 23:03:09,146 INFO o.a.j.t.JMeterThread: Thread started: Thread Group 1-198
2024-06-24 23:03:10,035 INFO o.a.j.t.JMeterThread: Thread is done: Thread Group 1-198
2024-06-24 23:03:10,035 INFO o.a.j.t.JMeterThread: Thread finished: Thread Group 1-198
2024-06-24 23:03:12,131 INFO o.a.j.t.JMeterThread: Thread started: Thread Group 1-199
2024-06-24 23:03:12,991 INFO o.a.j.t.JMeterThread: Thread is done: Thread Group 1-199
2024-06-24 23:03:12,992 INFO o.a.j.t.JMeterThread: Thread finished: Thread Group 1-199
2024-06-24 23:03:15,131 INFO o.a.j.t.JMeterThread: Thread started: Thread Group 1-200
2024-06-24 23:03:15,996 INFO o.a.j.t.JMeterThread: Thread is done: Thread Group 1-200
2024-06-24 23:03:15,996 INFO o.a.j.t.JMeterThread: Thread finished: Thread Group 1-200
2024-06-24 23:03:15,998 INFO o.a.j.e.StandardJMeterEngine: Notifying test listeners of end of test
2024-06-24 23:03:16,000 INFO o.a.j.r.Summariser: summary +      5 in 00:00:15 =    0.3/s Avg:   817 Min:   717 Max:   886 Err:     0 (0.00%) Active: 0 Started: 200 Finished: 200
2024-06-24 23:03:16,001 INFO o.a.j.r.Summariser: summary =    200 in 00:09:58 =    0.3/s Avg:   828 Min:   495 Max: 21051 Err:     1 (0.50%)
2024-06-24 23:03:16,005 INFO o.a.j.JMeter: Generating Dashboard
2024-06-24 23:03:16,005 INFO o.a.j.r.d.ReportGenerator: Flushing result collector before report Generation
2024-06-24 23:03:16,030 INFO o.a.j.r.p.NormalizerSampleConsumer: Using format, 'ms', to parse timeStamp field
2024-06-24 23:03:16,173 INFO o.a.j.r.p.AbstractSampleConsumer: class org.apache.jmeter.report.processor.AggregateConsumer#stopProducing(): beginDate produced 0 samples
2024-06-24 23:03:16,173 INFO o.a.j.r.p.AbstractSampleConsumer: class org.apache.jmeter.report.processor.AggregateConsumer#stopProducing(): endDate produced 0 samples
2024-06-24 23:03:16,177 INFO o.a.j.r.p.AbstractSampleConsumer: class org.apache.jmeter.report.processor.ApdexSummaryConsumer#stopProducing(): apdexSummary produced 0 samples
2024-06-24 23:03:16,177 INFO o.a.j.r.p.AbstractSampleConsumer: class org.apache.jmeter.report.processor.RequestsSummaryConsumer#stopProducing(): requestsSummary produced 0 samples
2024-06-24 23:03:16,183 INFO o.a.j.r.p.AbstractSampleConsumer: class org.apache.jmeter.report.processor.StatisticsSummaryConsumer#stopProducing(): statisticsSummary produced 0 samples
2024-06-24 23:03:16,187 INFO o.a.j.r.p.AbstractSampleConsumer: class org.apache.jmeter.report.processor.Top5ErrorsBySamplerConsumer#stopProducing(): top5ErrorsBySampler produced 0 samples
2024-06-24 23:03:16,187 INFO o.a.j.r.p.AbstractSampleConsumer: class org.apache.jmeter.report.processor.ErrorsSummaryConsumer#stopProducing(): errorsSummary produced 0 samples
2024-06-24 23:03:16,187 INFO o.a.j.r.p.AbstractSampleConsumer: class org.apache.jmeter.report.processor.graph.impl.HitsPerSecondGraphConsumer#stopProducing(): hitsPerSecond produced 0 samples
2024-06-24 23:03:16,223 INFO o.a.j.r.p.AbstractSampleConsumer: class org.apache.jmeter.report.processor.graph.impl.LatencyVSRequestGraphConsumer#stopProducing(): latencyVsRequest produced 0 samples
2024-06-24 23:03:16,223 INFO o.a.j.r.p.AbstractSampleConsumer: class org.apache.jmeter.report.processor.graph.impl.SyntheticResponseTimeDistributionGraphConsumer#stopProducing(): syntheticResponseTimeDistribution produced 0 samples
2024-06-24 23:03:16,224 INFO o.a.j.r.p.AbstractSampleConsumer: class org.apache.jmeter.report.processor.graph.impl.BytesThroughputGraphConsumer#stopProducing(): bytesThroughputOverTime produced 0 samples
2024-06-24 23:03:16,224 INFO o.a.j.r.p.AbstractSampleConsumer: class org.apache.jmeter.report.processor.graph.impl.CodesPerSecondGraphConsumer#stopProducing(): codesPerSecond produced 0 samples
2024-06-24 23:03:16,243 INFO o.a.j.r.p.AbstractSampleConsumer: class org.apache.jmeter.report.processor.graph.impl.ResponseTimeVSRequestGraphConsumer#stopProducing(): responseTimeVsRequest produced 0 samples
2024-06-24 23:03:16,244 INFO o.a.j.r.p.AbstractSampleConsumer: class org.apache.jmeter.report.processor.FilterConsumer#stopProducing(): startIntervalControlerFilter produced 1400 samples
2024-06-24 23:03:16,244 INFO o.a.j.r.p.AbstractSampleConsumer: class org.apache.jmeter.report.processor.graph.impl.TotalTPSGraphConsumer#stopProducing(): totalTPS produced 0 samples
2024-06-24 23:03:16,244 INFO o.a.j.r.p.AbstractSampleConsumer: class org.apache.jmeter.report.processor.graph.impl.ActiveThreadsGraphConsumer#stopProducing(): activeThreadsOverTime produced 0 samples
2024-06-24 23:03:16,244 INFO o.a.j.r.p.AbstractSampleConsumer: class org.apache.jmeter.report.processor.graph.impl.TimeVSThreadGraphConsumer#stopProducing(): timeVsThreads produced 0 samples
2024-06-24 23:03:16,244 INFO o.a.j.r.p.AbstractSampleConsumer: class org.apache.jmeter.report.processor.graph.impl.ResponseTimeDistributionGraphConsumer#stopProducing(): responseTimeDistribution produced 0 samples
2024-06-24 23:03:16,244 INFO o.a.j.r.p.AbstractSampleConsumer: class org.apache.jmeter.report.processor.graph.impl.TransactionsPerSecondGraphConsumer#stopProducing(): transactionsPerSecond produced 0 samples
2024-06-24 23:03:16,244 INFO o.a.j.r.p.AbstractSampleConsumer: class org.apache.jmeter.report.processor.graph.impl.ResponseTimePercentilesGraphConsumer#stopProducing(): responseTimePercentiles produced 0 samples
2024-06-24 23:03:16,246 INFO o.a.j.r.p.AbstractSampleConsumer: class org.apache.jmeter.report.processor.graph.impl.ResponseTimePercentilesOverTimeGraphConsumer#stopProducing(): responseTimePercentilesOverTime produced 0 samples
2024-06-24 23:03:16,248 INFO o.a.j.r.p.AbstractSampleConsumer: class org.apache.jmeter.report.processor.graph.impl.ResponseTimeOverTimeGraphConsumer#stopProducing(): responseTimesOverTime produced 0 samples
2024-06-24 23:03:16,248 INFO o.a.j.r.p.AbstractSampleConsumer: class org.apache.jmeter.report.processor.graph.impl.ConnectTimeOverTimeGraphConsumer#stopProducing(): connectTimeOverTime produced 0 samples
2024-06-24 23:03:16,248 INFO o.a.j.r.p.AbstractSampleConsumer: class org.apache.jmeter.report.processor.graph.impl.LatencyOverTimeGraphConsumer#stopProducing(): latenciesOverTime produced 0 samples
2024-06-24 23:03:16,248 INFO o.a.j.r.p.AbstractSampleConsumer: class org.apache.jmeter.report.processor.FilterConsumer#stopProducing(): nameFilter produced 3000 samples
2024-06-24 23:03:16,248 INFO o.a.j.r.p.AbstractSampleConsumer: class org.apache.jmeter.report.processor.FilterConsumer#stopProducing(): dateRangeFilter produced 600 samples
2024-06-24 23:03:16,248 INFO o.a.j.r.p.AbstractSampleConsumer: class org.apache.jmeter.report.processor.NormalizerSampleConsumer#stopProducing(): normalizer produced 200 samples
2024-06-24 23:03:16,249 INFO o.a.j.r.p.CsvFileSampleSource: produce(): 200 samples produced in 186ms on channel 0
2024-06-24 23:03:16,249 INFO o.a.j.r.d.ReportGenerator: Exporting data using exporter:'json' of className:'org.apache.jmeter.report.dashboard.JsonExporter'
2024-06-24 23:03:16,377 INFO o.a.j.r.d.JsonExporter: Found data for consumer statisticsSummaryin context
2024-06-24 23:03:16,377 INFO o.a.j.r.d.JsonExporter: Creating statistics for overall
2024-06-24 23:03:16,377 INFO o.a.j.r.d.JsonExporter: Creating statistics for other transactions
2024-06-24 23:03:16,378 INFO o.a.j.r.d.JsonExporter: Checking output folder
2024-06-24 23:03:16,379 INFO o.a.j.r.d.JsonExporter: Writing statistics JSON to C:\apache-jmeter-5.6.3\bin\New folder\Reports\statistics.json
2024-06-24 23:03:16,446 INFO o.a.j.r.d.ReportGenerator: Exporting data using exporter:'html' of className:'org.apache.jmeter.report.dashboard.HtmlTemplateExporter'
2024-06-24 23:03:16,449 INFO o.a.j.r.d.HtmlTemplateExporter: Will generate dashboard in folder: C:\apache-jmeter-5.6.3\bin\New folder\Reports
2024-06-24 23:03:16,642 INFO o.a.j.r.d.HtmlTemplateExporter: Report will be generated in: C:\apache-jmeter-5.6.3\bin\New folder\Reports, creating folder structure
2024-06-24 23:03:16,645 INFO o.a.j.r.d.TemplateVisitor: Copying folder from 'C:\apache-jmeter-5.6.3\bin\report-template' to 'C:\apache-jmeter-5.6.3\bin\New folder\Reports', got message: C:\apache-jmeter-5.6.3\bin\New folder\Reports, found non empty folder with following content [C:\apache-jmeter-5.6.3\bin\New folder\Reports\statistics.json], will be ignored
2024-06-24 23:03:17,087 INFO o.a.j.JMeter: Dashboard generated
